mode: set
github.com/wallet-portal/policy-engine/internal/rules/authorized_signer.go:14.39,14.69 1 1
github.com/wallet-portal/policy-engine/internal/rules/authorized_signer.go:16.61,18.2 1 1
github.com/wallet-portal/policy-engine/internal/rules/authorized_signer.go:20.109,26.16 2 1
github.com/wallet-portal/policy-engine/internal/rules/authorized_signer.go:26.16,31.3 1 1
github.com/wallet-portal/policy-engine/internal/rules/authorized_signer.go:34.2,34.34 1 1
github.com/wallet-portal/policy-engine/internal/rules/authorized_signer.go:34.34,36.3 1 1
github.com/wallet-portal/policy-engine/internal/rules/authorized_signer.go:38.2,38.22 1 1
github.com/wallet-portal/policy-engine/internal/rules/authorized_signer.go:42.41,43.17 1 1
github.com/wallet-portal/policy-engine/internal/rules/authorized_signer.go:43.17,45.3 1 1
github.com/wallet-portal/policy-engine/internal/rules/authorized_signer.go:46.2,46.14 1 1
github.com/wallet-portal/policy-engine/internal/rules/authorized_signer.go:50.41,51.17 1 1
github.com/wallet-portal/policy-engine/internal/rules/authorized_signer.go:51.17,53.3 1 1
github.com/wallet-portal/policy-engine/internal/rules/authorized_signer.go:54.2,54.21 1 1
github.com/wallet-portal/policy-engine/internal/rules/ceremony_gate.go:19.35,19.61 1 1
github.com/wallet-portal/policy-engine/internal/rules/ceremony_gate.go:23.57,24.27 1 1
github.com/wallet-portal/policy-engine/internal/rules/ceremony_gate.go:25.44,26.25 1 1
github.com/wallet-portal/policy-engine/internal/rules/ceremony_gate.go:28.2,28.14 1 1
github.com/wallet-portal/policy-engine/internal/rules/ceremony_gate.go:31.105,37.16 3 1
github.com/wallet-portal/policy-engine/internal/rules/ceremony_gate.go:37.16,40.3 1 1
github.com/wallet-portal/policy-engine/internal/rules/ceremony_gate.go:42.2,42.12 1 1
github.com/wallet-portal/policy-engine/internal/rules/ceremony_gate.go:42.12,47.3 1 1
github.com/wallet-portal/policy-engine/internal/rules/ceremony_gate.go:49.2,49.22 1 1
github.com/wallet-portal/policy-engine/internal/rules/ceremony_gate.go:54.41,55.20 1 1
github.com/wallet-portal/policy-engine/internal/rules/ceremony_gate.go:55.20,57.3 1 1
github.com/wallet-portal/policy-engine/internal/rules/ceremony_gate.go:58.2,58.14 1 1
github.com/wallet-portal/policy-engine/internal/rules/daily_limit.go:41.33,41.57 1 1
github.com/wallet-portal/policy-engine/internal/rules/daily_limit.go:43.55,45.2 1 1
github.com/wallet-portal/policy-engine/internal/rules/daily_limit.go:47.103,50.57 2 1
github.com/wallet-portal/policy-engine/internal/rules/daily_limit.go:50.57,52.3 1 1
github.com/wallet-portal/policy-engine/internal/rules/daily_limit.go:55.2,56.16 2 1
github.com/wallet-portal/policy-engine/internal/rules/daily_limit.go:56.16,58.3 1 1
github.com/wallet-portal/policy-engine/internal/rules/daily_limit.go:60.2,61.34 2 1
github.com/wallet-portal/policy-engine/internal/rules/daily_limit.go:61.34,63.3 1 1
github.com/wallet-portal/policy-engine/internal/rules/daily_limit.go:66.2,67.22 2 1
github.com/wallet-portal/policy-engine/internal/rules/daily_limit.go:67.22,69.59 2 1
github.com/wallet-portal/policy-engine/internal/rules/daily_limit.go:69.59,71.22 2 1
github.com/wallet-portal/policy-engine/internal/rules/daily_limit.go:71.22,72.25 1 1
github.com/wallet-portal/policy-engine/internal/rules/daily_limit.go:72.25,74.6 1 1
github.com/wallet-portal/policy-engine/internal/rules/daily_limit.go:75.5,75.68 1 1
github.com/wallet-portal/policy-engine/internal/rules/daily_limit.go:75.68,77.6 1 1
github.com/wallet-portal/policy-engine/internal/rules/daily_limit.go:84.2,85.16 2 1
github.com/wallet-portal/policy-engine/internal/rules/daily_limit.go:85.16,87.3 1 1
github.com/wallet-portal/policy-engine/internal/rules/daily_limit.go:89.2,91.17 3 1
github.com/wallet-portal/policy-engine/internal/rules/daily_limit.go:91.17,93.3 1 0
github.com/wallet-portal/policy-engine/internal/rules/daily_limit.go:95.2,96.17 2 1
github.com/wallet-portal/policy-engine/internal/rules/daily_limit.go:96.17,98.3 1 1
github.com/wallet-portal/policy-engine/internal/rules/daily_limit.go:101.2,102.39 2 1
github.com/wallet-portal/policy-engine/internal/rules/daily_limit.go:102.39,107.3 3 1
github.com/wallet-portal/policy-engine/internal/rules/daily_limit.go:109.2,109.22 1 1
github.com/wallet-portal/policy-engine/internal/rules/daily_limit.go:114.47,115.14 1 1
github.com/wallet-portal/policy-engine/internal/rules/daily_limit.go:115.14,117.3 1 1
github.com/wallet-portal/policy-engine/internal/rules/daily_limit.go:118.2,118.18 1 1
github.com/wallet-portal/policy-engine/internal/rules/daily_limit.go:118.18,120.3 1 0
github.com/wallet-portal/policy-engine/internal/rules/daily_limit.go:121.2,122.16 2 1
github.com/wallet-portal/policy-engine/internal/rules/daily_limit.go:122.16,126.17 4 1
github.com/wallet-portal/policy-engine/internal/rules/daily_limit.go:126.17,128.21 2 1
github.com/wallet-portal/policy-engine/internal/rules/daily_limit.go:128.21,130.5 1 1
github.com/wallet-portal/policy-engine/internal/rules/daily_limit.go:131.4,131.17 1 1
github.com/wallet-portal/policy-engine/internal/rules/daily_limit.go:132.9,133.21 1 1
github.com/wallet-portal/policy-engine/internal/rules/daily_limit.go:133.21,135.5 1 1
github.com/wallet-portal/policy-engine/internal/rules/daily_limit.go:136.4,136.17 1 1
github.com/wallet-portal/policy-engine/internal/rules/daily_limit.go:139.2,139.24 1 1
github.com/wallet-portal/policy-engine/internal/rules/daily_limit.go:142.36,145.2 2 1
github.com/wallet-portal/policy-engine/internal/rules/destination_whitelist.go:19.43,19.77 1 1
github.com/wallet-portal/policy-engine/internal/rules/destination_whitelist.go:21.65,23.2 1 1
github.com/wallet-portal/policy-engine/internal/rules/destination_whitelist.go:25.113,31.40 1 1
github.com/wallet-portal/policy-engine/internal/rules/destination_whitelist.go:31.40,36.17 2 1
github.com/wallet-portal/policy-engine/internal/rules/destination_whitelist.go:36.17,38.4 1 1
github.com/wallet-portal/policy-engine/internal/rules/destination_whitelist.go:39.3,39.13 1 1
github.com/wallet-portal/policy-engine/internal/rules/destination_whitelist.go:39.13,41.4 1 1
github.com/wallet-portal/policy-engine/internal/rules/destination_whitelist.go:42.3,43.98 2 1
github.com/wallet-portal/policy-engine/internal/rules/destination_whitelist.go:48.2,48.34 1 1
github.com/wallet-portal/policy-engine/internal/rules/destination_whitelist.go:48.34,53.17 2 1
github.com/wallet-portal/policy-engine/internal/rules/destination_whitelist.go:53.17,56.4 1 1
github.com/wallet-portal/policy-engine/internal/rules/destination_whitelist.go:57.3,57.11 1 1
github.com/wallet-portal/policy-engine/internal/rules/destination_whitelist.go:57.11,59.4 1 1
github.com/wallet-portal/policy-engine/internal/rules/destination_whitelist.go:61.3,62.93 2 1
github.com/wallet-portal/policy-engine/internal/rules/destination_whitelist.go:66.2,67.16 2 1
github.com/wallet-portal/policy-engine/internal/rules/destination_whitelist.go:67.16,69.3 1 1
github.com/wallet-portal/policy-engine/internal/rules/destination_whitelist.go:70.2,70.16 1 1
github.com/wallet-portal/policy-engine/internal/rules/destination_whitelist.go:70.16,73.3 1 1
github.com/wallet-portal/policy-engine/internal/rules/destination_whitelist.go:75.2,79.16 2 1
github.com/wallet-portal/policy-engine/internal/rules/destination_whitelist.go:79.16,81.3 1 1
github.com/wallet-portal/policy-engine/internal/rules/destination_whitelist.go:83.2,83.18 1 1
github.com/wallet-portal/policy-engine/internal/rules/destination_whitelist.go:83.18,87.3 2 1
github.com/wallet-portal/policy-engine/internal/rules/destination_whitelist.go:89.2,89.22 1 1
github.com/wallet-portal/policy-engine/internal/rules/hw_attested.go:39.33,39.75 1 1
github.com/wallet-portal/policy-engine/internal/rules/hw_attested.go:42.55,44.2 1 1
github.com/wallet-portal/policy-engine/internal/rules/hw_attested.go:49.105,56.16 2 1
github.com/wallet-portal/policy-engine/internal/rules/hw_attested.go:56.16,58.3 1 1
github.com/wallet-portal/policy-engine/internal/rules/hw_attested.go:60.2,60.21 1 1
github.com/wallet-portal/policy-engine/internal/rules/hw_attested.go:60.21,62.3 1 1
github.com/wallet-portal/policy-engine/internal/rules/hw_attested.go:66.2,66.28 1 1
github.com/wallet-portal/policy-engine/internal/rules/hw_attested.go:66.28,68.3 1 1
github.com/wallet-portal/policy-engine/internal/rules/hw_attested.go:70.2,71.54 2 1
github.com/wallet-portal/policy-engine/internal/rules/hw_attested.go:71.54,73.3 1 1
github.com/wallet-portal/policy-engine/internal/rules/hw_attested.go:75.2,76.16 2 1
github.com/wallet-portal/policy-engine/internal/rules/hw_attested.go:76.16,78.3 1 1
github.com/wallet-portal/policy-engine/internal/rules/hw_attested.go:82.2,82.25 1 1
github.com/wallet-portal/policy-engine/internal/rules/hw_attested.go:82.25,84.3 1 1
github.com/wallet-portal/policy-engine/internal/rules/hw_attested.go:87.2,89.37 2 1
github.com/wallet-portal/policy-engine/internal/rules/hw_attested.go:89.37,90.83 1 1
github.com/wallet-portal/policy-engine/internal/rules/hw_attested.go:90.83,92.4 1 1
github.com/wallet-portal/policy-engine/internal/rules/hw_attested.go:95.2,95.22 1 1
github.com/wallet-portal/policy-engine/internal/rules/hw_attested.go:100.80,107.2 6 1
github.com/wallet-portal/policy-engine/internal/rules/hw_attested.go:111.111,113.37 1 1
github.com/wallet-portal/policy-engine/internal/rules/hw_attested.go:113.37,115.3 1 1
github.com/wallet-portal/policy-engine/internal/rules/hw_attested.go:116.2,117.44 2 1
github.com/wallet-portal/policy-engine/internal/rules/hw_attested.go:117.44,119.3 1 1
github.com/wallet-portal/policy-engine/internal/rules/hw_attested.go:122.2,122.40 1 1
github.com/wallet-portal/policy-engine/internal/rules/hw_attested.go:122.40,124.3 1 1
github.com/wallet-portal/policy-engine/internal/rules/hw_attested.go:127.2,127.15 1 1
github.com/wallet-portal/policy-engine/internal/rules/hw_attested.go:127.15,129.64 2 1
github.com/wallet-portal/policy-engine/internal/rules/hw_attested.go:129.64,131.4 1 1
github.com/wallet-portal/policy-engine/internal/rules/hw_attested.go:135.2,135.106 1 1
github.com/wallet-portal/policy-engine/internal/rules/hw_attested.go:135.106,137.3 1 1
github.com/wallet-portal/policy-engine/internal/rules/hw_attested.go:139.2,139.11 1 1
github.com/wallet-portal/policy-engine/internal/rules/hw_attested.go:145.70,149.38 3 1
github.com/wallet-portal/policy-engine/internal/rules/hw_attested.go:149.38,151.3 1 1
github.com/wallet-portal/policy-engine/internal/rules/hw_attested.go:154.2,155.16 2 1
github.com/wallet-portal/policy-engine/internal/rules/hw_attested.go:155.16,157.3 1 0
github.com/wallet-portal/policy-engine/internal/rules/hw_attested.go:160.2,161.23 2 1
github.com/wallet-portal/policy-engine/internal/rules/hw_attested.go:161.23,163.3 1 1
github.com/wallet-portal/policy-engine/internal/rules/hw_attested.go:164.2,164.23 1 1
github.com/wallet-portal/policy-engine/internal/rules/hw_attested.go:164.23,166.3 1 1
github.com/wallet-portal/policy-engine/internal/rules/hw_attested.go:169.2,170.16 2 1
github.com/wallet-portal/policy-engine/internal/rules/hw_attested.go:170.16,172.3 1 0
github.com/wallet-portal/policy-engine/internal/rules/hw_attested.go:174.2,174.36 1 1
github.com/wallet-portal/policy-engine/internal/rules/hw_attested.go:174.36,176.3 1 1
github.com/wallet-portal/policy-engine/internal/rules/hw_attested.go:177.2,177.11 1 1
github.com/wallet-portal/policy-engine/internal/rules/hw_attested.go:182.42,191.34 5 1
github.com/wallet-portal/policy-engine/internal/rules/hw_attested.go:191.34,193.3 1 1
github.com/wallet-portal/policy-engine/internal/rules/hw_attested.go:194.2,194.34 1 1
github.com/wallet-portal/policy-engine/internal/rules/hw_attested.go:194.34,196.3 1 0
github.com/wallet-portal/policy-engine/internal/rules/hw_attested.go:198.2,205.12 8 1
github.com/wallet-portal/policy-engine/internal/rules/hw_attested.go:208.40,209.30 1 1
github.com/wallet-portal/policy-engine/internal/rules/hw_attested.go:209.30,211.3 1 1
github.com/wallet-portal/policy-engine/internal/rules/hw_attested.go:212.2,212.10 1 1
github.com/wallet-portal/policy-engine/internal/rules/hw_attested.go:216.42,217.14 1 1
github.com/wallet-portal/policy-engine/internal/rules/hw_attested.go:217.14,219.3 1 1
github.com/wallet-portal/policy-engine/internal/rules/hw_attested.go:220.2,220.40 1 0
github.com/wallet-portal/policy-engine/internal/rules/kill_switch_check.go:26.41,26.71 1 1
github.com/wallet-portal/policy-engine/internal/rules/kill_switch_check.go:30.63,32.2 1 1
github.com/wallet-portal/policy-engine/internal/rules/kill_switch_check.go:35.109,37.16 2 1
github.com/wallet-portal/policy-engine/internal/rules/kill_switch_check.go:37.16,40.3 1 1
github.com/wallet-portal/policy-engine/internal/rules/kill_switch_check.go:41.2,41.13 1 1
github.com/wallet-portal/policy-engine/internal/rules/kill_switch_check.go:41.13,43.3 1 1
github.com/wallet-portal/policy-engine/internal/rules/kill_switch_check.go:44.2,44.22 1 1
github.com/wallet-portal/policy-engine/internal/rules/kill_switch_check.go:49.88,53.48 3 1
github.com/wallet-portal/policy-engine/internal/rules/kill_switch_check.go:53.48,55.3 1 1
github.com/wallet-portal/policy-engine/internal/rules/kill_switch_check.go:57.2,58.16 2 1
github.com/wallet-portal/policy-engine/internal/rules/kill_switch_check.go:58.16,60.3 1 1
github.com/wallet-portal/policy-engine/internal/rules/kill_switch_check.go:62.2,64.21 3 1
github.com/wallet-portal/policy-engine/internal/rules/time_lock.go:32.31,32.53 1 1
github.com/wallet-portal/policy-engine/internal/rules/time_lock.go:35.53,37.2 1 1
github.com/wallet-portal/policy-engine/internal/rules/time_lock.go:39.101,41.27 2 1
github.com/wallet-portal/policy-engine/internal/rules/time_lock.go:41.27,44.3 1 1
github.com/wallet-portal/policy-engine/internal/rules/time_lock.go:47.2,47.28 1 1
github.com/wallet-portal/policy-engine/internal/rules/time_lock.go:47.28,49.52 2 1
github.com/wallet-portal/policy-engine/internal/rules/time_lock.go:49.52,51.4 1 1
github.com/wallet-portal/policy-engine/internal/rules/time_lock.go:53.3,54.17 2 1
github.com/wallet-portal/policy-engine/internal/rules/time_lock.go:54.17,57.4 1 1
github.com/wallet-portal/policy-engine/internal/rules/time_lock.go:59.3,59.35 1 1
github.com/wallet-portal/policy-engine/internal/rules/time_lock.go:59.35,63.4 1 1
github.com/wallet-portal/policy-engine/internal/rules/time_lock.go:65.3,65.58 1 1
github.com/wallet-portal/policy-engine/internal/rules/time_lock.go:65.58,70.4 2 1
github.com/wallet-portal/policy-engine/internal/rules/time_lock.go:73.3,73.23 1 1
github.com/wallet-portal/policy-engine/internal/rules/time_lock.go:78.2,80.47 1 1
github.com/wallet-portal/policy-engine/internal/rules/time_lock.go:85.68,86.14 1 1
github.com/wallet-portal/policy-engine/internal/rules/time_lock.go:87.14,88.41 1 1
github.com/wallet-portal/policy-engine/internal/rules/time_lock.go:89.13,91.34 2 1
github.com/wallet-portal/policy-engine/internal/rules/time_lock.go:91.34,94.4 1 1
github.com/wallet-portal/policy-engine/internal/rules/time_lock.go:95.3,95.60 1 1
github.com/wallet-portal/policy-engine/internal/rules/time_lock.go:95.60,97.4 1 1
github.com/wallet-portal/policy-engine/internal/rules/time_lock.go:98.3,98.11 1 1
github.com/wallet-portal/policy-engine/internal/rules/time_lock.go:99.10,100.11 1 1
